<?xml version="1.0" encoding="UTF-8" ?>
<testsuite tests="32" failures="0" name="GoogleHappyTest" time="0.054" errors="0" skipped="0">
  <properties>
[...]
</properties>
  <testcase classname="GoogleHappyTest" name="TestCorretnessOfMatrix" time="0.019"/>
  <testcase classname="GoogleHappyTest" name="TestCorretnessOfMatrix2" time="0.002"/>
  <testcase classname="GoogleHappyTest" name="TestCorretnessOfMatrixFail" time="0.002"/>
  <testcase classname="GoogleHappyTest" name="TestDiagonalZeros" time="0.002"/>
  <testcase classname="GoogleHappyTest" name="TestFailDiagonalZeros" time="0.001"/>
  <testcase classname="GoogleHappyTest" name="TestFinalIndividualPageRank1" time="0.002"/>
  <testcase classname="GoogleHappyTest" name="TestFinalIndividualPageRank2" time="0.002"/>
  <testcase classname="GoogleHappyTest" name="TestFinalIndividualPageRank3" time="0.001"/>
  <testcase classname="GoogleHappyTest" name="TestFinalIndividualPageRankFails" time="0.002"/>
  <testcase classname="GoogleHappyTest" name="TestFinalTotalPageRank1" time="0.002"/>
  <testcase classname="GoogleHappyTest" name="TestFinalTotalPageRank2" time="0.001"/>
  <testcase classname="GoogleHappyTest" name="TestFinalTotalPageRankFails" time="0.001"/>
  <testcase classname="GoogleHappyTest" name="TestFinalTotalPageRankLessThanOne1" time="0.001"/>
  <testcase classname="GoogleHappyTest" name="TestFinalTotalPageRankLessThanOne2" time="0.001"/>
  <testcase classname="GoogleHappyTest" name="TestFinalTotalPageRankLessThanOneFails" time="0.001"/>
  <testcase classname="GoogleHappyTest" name="TestRange" time="0.001"/>
  <testcase classname="GoogleHappyTest" name="TestRange2" time="0"/>
  <testcase classname="GoogleHappyTest" name="TestTeamSize1" time="0.001"/>
  <testcase classname="GoogleHappyTest" name="TestUnpopularity" time="0.002"/>
  <testcase classname="GoogleHappyTest" name="TestVerbose1" time="0.001"/>
  <testcase classname="GoogleHappyTest" name="TestVerbose2" time="0.001"/>
  <testcase classname="GoogleHappyTest" name="TestVerbose3" time="0.001"/>
  <testcase classname="GoogleHappyTest" name="TestVerbose4" time="0.001"/>
  <testcase classname="GoogleHappyTest" name="TestVerbose5" time="0"/>
  <testcase classname="GoogleHappyTest" name="TestVerboseFails1" time="0"/>
  <testcase classname="GoogleHappyTest" name="TestZeroPreferences" time="0.001"/>
  <testcase classname="GoogleHappyTest" name="numNodesVsPeople1" time="0"/>
  <testcase classname="GoogleHappyTest" name="numNodesVsPeople2" time="0.001"/>
  <testcase classname="GoogleHappyTest" name="numNodesVsPeople3" time="0.001"/>
  <testcase classname="GoogleHappyTest" name="numNodesVsPeopleFails1" time="0.001"/>
  <testcase classname="GoogleHappyTest" name="numNodesVsPeopleFails2" time="0.001"/>
  <testcase classname="GoogleHappyTest" name="numNodesVsPeopleFails3" time="0.001"/>
</testsuite>